<?xml version="1.0" encoding="UTF-8"?>
<testsuite name="antlr.EvalTest" tests="1" skipped="0" failures="1" errors="0" timestamp="2023-10-16T07:40:48" hostname="huxiaodong-deMacBook-Pro.local" time="0.011">
  <properties/>
  <testcase name="test[js, browser, ChromeHeadless118.0.5993.70, MacOS10.15.7]" classname="antlr.EvalTest" time="0.011">
    <failure message="ClassCastException" type="ClassCastException">ClassCastException
	at &lt;global&gt;.THROW_CCE(/var/folders/qj/hf2rrhzn1fn3tfx_1tmnyd0r0000gn/T/_karma_webpack_631229/commons.js:34724)
	at Lexer.readInputStream_cn8ozw(/var/folders/qj/hf2rrhzn1fn3tfx_1tmnyd0r0000gn/T/_karma_webpack_631229/commons.js:1870)
	at Lexer.nextToken_jykgjq(/var/folders/qj/hf2rrhzn1fn3tfx_1tmnyd0r0000gn/T/_karma_webpack_631229/commons.js:2029)
	at BufferedTokenStream.fetch_es1drt(/var/folders/qj/hf2rrhzn1fn3tfx_1tmnyd0r0000gn/T/_karma_webpack_631229/commons.js:843)
	at BufferedTokenStream.sync_o63rt2(/var/folders/qj/hf2rrhzn1fn3tfx_1tmnyd0r0000gn/T/_karma_webpack_631229/commons.js:829)
	at BufferedTokenStream.setup_2uql04(/var/folders/qj/hf2rrhzn1fn3tfx_1tmnyd0r0000gn/T/_karma_webpack_631229/commons.js:915)
	at BufferedTokenStream.lazyInit_ml29bh(/var/folders/qj/hf2rrhzn1fn3tfx_1tmnyd0r0000gn/T/_karma_webpack_631229/commons.js:911)
	at CommonTokenStream.LT_6crwc9(/var/folders/qj/hf2rrhzn1fn3tfx_1tmnyd0r0000gn/T/_karma_webpack_631229/commons.js:1397)
	at Parser.enterRule_khu8i(/var/folders/qj/hf2rrhzn1fn3tfx_1tmnyd0r0000gn/T/_karma_webpack_631229/commons.js:2491)
	at CalculatorParser.prog_21xsq(/var/folders/qj/hf2rrhzn1fn3tfx_1tmnyd0r0000gn/T/_karma_webpack_631229/commons.js:15996)
</failure>
  </testcase>
  <system-out><![CDATA[[log] 设置为true
]]></system-out>
  <system-err><![CDATA[]]></system-err>
</testsuite>
