<?xml version="1.0" encoding="UTF-8"?>
<testsuite name="antlr.EvalTest" tests="1" skipped="0" failures="1" errors="0" timestamp="2023-10-19T02:41:07" hostname="huxiaodong-deMacBook-Pro.local" time="0.105">
  <properties/>
  <testcase name="test[js, browser, ChromeHeadless118.0.5993.88, MacOS10.15.7]" classname="antlr.EvalTest" time="0.105">
    <failure message="ClassCastException" type="ClassCastException">ClassCastException
	at &lt;global&gt;.THROW_CCE(/var/folders/qj/hf2rrhzn1fn3tfx_1tmnyd0r0000gn/T/_karma_webpack_310342/commons.js:35095)
	at Lexer.readInputStream_cn8ozw(/var/folders/qj/hf2rrhzn1fn3tfx_1tmnyd0r0000gn/T/_karma_webpack_310342/commons.js:1885)
	at Lexer.nextToken_jykgjq(/var/folders/qj/hf2rrhzn1fn3tfx_1tmnyd0r0000gn/T/_karma_webpack_310342/commons.js:2044)
	at BufferedTokenStream.fetch_es1drt(/var/folders/qj/hf2rrhzn1fn3tfx_1tmnyd0r0000gn/T/_karma_webpack_310342/commons.js:858)
	at BufferedTokenStream.sync_o63rt2(/var/folders/qj/hf2rrhzn1fn3tfx_1tmnyd0r0000gn/T/_karma_webpack_310342/commons.js:844)
	at BufferedTokenStream.setup_2uql04(/var/folders/qj/hf2rrhzn1fn3tfx_1tmnyd0r0000gn/T/_karma_webpack_310342/commons.js:930)
	at BufferedTokenStream.lazyInit_ml29bh(/var/folders/qj/hf2rrhzn1fn3tfx_1tmnyd0r0000gn/T/_karma_webpack_310342/commons.js:926)
	at CommonTokenStream.LT_6crwc9(/var/folders/qj/hf2rrhzn1fn3tfx_1tmnyd0r0000gn/T/_karma_webpack_310342/commons.js:1412)
	at Parser.enterRule_khu8i(/var/folders/qj/hf2rrhzn1fn3tfx_1tmnyd0r0000gn/T/_karma_webpack_310342/commons.js:2506)
	at CalculatorParser.prog_21xsq(/var/folders/qj/hf2rrhzn1fn3tfx_1tmnyd0r0000gn/T/_karma_webpack_310342/commons.js:16327)
</failure>
  </testcase>
  <system-out><![CDATA[[log] 设置为true
]]></system-out>
  <system-err><![CDATA[]]></system-err>
</testsuite>
