<?xml version="1.0" encoding="UTF-8"?>
<testsuite name="antlrtest.EvalTest" tests="1" skipped="0" failures="0" errors="0" timestamp="2023-10-27T07:20:34" hostname="huxiaodong-deMacBook-Pro.local" time="0.197">
  <properties/>
  <testcase name="mathTest[jsLegacy, browser]" classname="antlrtest.EvalTest" time="0.197"/>
  <system-out><![CDATA[结果=============3
]]></system-out>
  <system-err><![CDATA[]]></system-err>
</testsuite>
