<?xml version="1.0" encoding="UTF-8"?>
<testsuite name="antlr.EvalTest" tests="1" skipped="0" failures="0" errors="0" timestamp="2023-10-16T07:39:52" hostname="huxiaodong-deMacBook-Pro.local" time="0.143">
  <properties/>
  <testcase name="test()[jvm]" classname="antlr.EvalTest" time="0.143"/>
  <system-out><![CDATA[设置为true
获取prog
3
]]></system-out>
  <system-err><![CDATA[]]></system-err>
</testsuite>
